c:\users\erik\source\repos\t3qt\t3qt\t3qt\x64\debug\vc143.pdb
c:\users\erik\source\repos\t3qt\t3qt\t3qt\x64\debug\vc143.idb
c:\users\erik\source\repos\t3qt\t3qt\t3qt\x64\debug\qrc_t3qt.obj
c:\users\erik\source\repos\t3qt\t3qt\t3qt\x64\debug\main.obj
c:\users\erik\source\repos\t3qt\t3qt\t3qt\x64\debug\t3qt.obj
c:\users\erik\source\repos\t3qt\t3qt\t3qt\x64\debug\controller.obj
c:\users\erik\source\repos\t3qt\t3qt\t3qt\x64\debug\vegetable.obj
c:\users\erik\source\repos\t3qt\t3qt\t3qt\x64\debug\moc_t3qt.obj
c:\users\erik\source\repos\t3qt\t3qt\x64\debug\t3qt.exe
c:\users\erik\source\repos\t3qt\t3qt\x64\debug\t3qt.pdb
c:\users\erik\source\repos\t3qt\t3qt\t3qt\x64\debug\moc\moc_t3qt.cpp
c:\users\erik\source\repos\t3qt\t3qt\t3qt\x64\debug\rcc\qrc_t3qt.cpp
c:\users\erik\source\repos\t3qt\t3qt\t3qt\x64\debug\uic\ui_t3qt.h
c:\users\erik\source\repos\t3qt\t3qt\t3qt\x64\debug\t3qt.ilk
c:\users\erik\source\repos\t3qt\t3qt\t3qt\x64\debug\t3qt.tlog\cl.command.1.tlog
c:\users\erik\source\repos\t3qt\t3qt\t3qt\x64\debug\t3qt.tlog\cl.items.tlog
c:\users\erik\source\repos\t3qt\t3qt\t3qt\x64\debug\t3qt.tlog\cl.read.1.tlog
c:\users\erik\source\repos\t3qt\t3qt\t3qt\x64\debug\t3qt.tlog\cl.write.1.tlog
c:\users\erik\source\repos\t3qt\t3qt\t3qt\x64\debug\t3qt.tlog\link.command.1.tlog
c:\users\erik\source\repos\t3qt\t3qt\t3qt\x64\debug\t3qt.tlog\link.read.1.tlog
c:\users\erik\source\repos\t3qt\t3qt\t3qt\x64\debug\t3qt.tlog\link.secondary.1.tlog
c:\users\erik\source\repos\t3qt\t3qt\t3qt\x64\debug\t3qt.tlog\link.write.1.tlog
c:\users\erik\source\repos\t3qt\t3qt\t3qt\x64\debug\t3qt.tlog\moc.read.1u.tlog
c:\users\erik\source\repos\t3qt\t3qt\t3qt\x64\debug\t3qt.tlog\moc.write.1u.tlog
c:\users\erik\source\repos\t3qt\t3qt\t3qt\x64\debug\t3qt.tlog\rcc.read.1u.tlog
c:\users\erik\source\repos\t3qt\t3qt\t3qt\x64\debug\t3qt.tlog\rcc.write.1u.tlog
c:\users\erik\source\repos\t3qt\t3qt\t3qt\x64\debug\t3qt.tlog\t3qt.write.1u.tlog
c:\users\erik\source\repos\t3qt\t3qt\t3qt\x64\debug\t3qt.tlog\uic.read.1u.tlog
c:\users\erik\source\repos\t3qt\t3qt\t3qt\x64\debug\t3qt.tlog\uic.write.1u.tlog
